/*C2*/SET SCHEMA PUBLIC
DELETE FROM STOCKITEM WHERE ID=0
INSERT INTO STOCKITEM VALUES(0,'sadf',15.0E0,'asdf',1198)
COMMIT
/*C3*/SET SCHEMA PUBLIC
DISCONNECT
/*C2*/DISCONNECT
/*C5*/SET SCHEMA PUBLIC
DELETE FROM STOCKITEM WHERE ID=0
INSERT INTO STOCKITEM VALUES(0,'sadf',15.0E0,'asdf',1197)
COMMIT
DISCONNECT
/*C6*/SET SCHEMA PUBLIC
DELETE FROM PURCHASE WHERE ID=0
INSERT INTO PURCHASE VALUES(0,'2023-11-21 23:49:30.527166')
COMMIT
DISCONNECT
/*C7*/SET SCHEMA PUBLIC
DELETE FROM STOCKITEM WHERE ID=0
INSERT INTO STOCKITEM VALUES(0,'sadf',15.0E0,'asdf',1196)
COMMIT
DELETE FROM SOLDITEM WHERE ID=0
INSERT INTO SOLDITEM VALUES(0,0,0,'sadf',1,15.0E0)
COMMIT
DELETE FROM PURCHASE WHERE ID=0
INSERT INTO PURCHASE VALUES(0,'2023-11-21 23:55:10.098129')
COMMIT
/*C4*/SET SCHEMA PUBLIC
DISCONNECT
/*C7*/DELETE FROM STOCKITEM WHERE ID=0
INSERT INTO STOCKITEM VALUES(0,'sadf',15.0E0,'asdf',1073)
COMMIT
DELETE FROM SOLDITEM WHERE ID=0
INSERT INTO SOLDITEM VALUES(0,0,1,'sadf',123,15.0E0)
COMMIT
DELETE FROM PURCHASE WHERE ID=1
INSERT INTO PURCHASE VALUES(1,'2023-11-21 23:56:12.582853')
COMMIT
DELETE FROM STOCKITEM WHERE ID=1
INSERT INTO STOCKITEM VALUES(1,'fasdf',15.0E0,'haaa',123)
COMMIT
DELETE FROM STOCKITEM WHERE ID=2
INSERT INTO STOCKITEM VALUES(2,'asdfsadf',1.0E0,'sfdasadfasdf',123)
COMMIT
DELETE FROM STOCKITEM WHERE ID=0
INSERT INTO STOCKITEM VALUES(0,'sadf',15.0E0,'asdf',1072)
COMMIT
